#
# There is insufficient memory for the Java Runtime Environment to continue.
# Native memory allocation (malloc) failed to allocate 32744 bytes for ChunkPool::allocate
# Possible reasons:
#   The system is out of physical RAM or swap space
#   The process is running with CompressedOops enabled, and the Java Heap may be blocking the growth of the native heap
# Possible solutions:
#   Reduce memory load on the system
#   Increase physical memory or swap space
#   Check if swap backing store is full
#   Decrease Java heap size (-Xmx/-Xms)
#   Decrease number of Java threads
#   Decrease Java thread stack sizes (-Xss)
#   Set larger code cache with -XX:ReservedCodeCacheSize=
#   JVM is running with Unscaled Compressed Oops mode in which the Java heap is
#     placed in the first 4GB address space. The Java Heap base address is the
#     maximum limit for the native heap growth. Please use -XX:HeapBaseMinAddress
#     to set the Java Heap base and to place the Java Heap above 4GB virtual address.
# This output file may be truncated or incomplete.
#
#  Out of Memory Error (arena.cpp:78), pid=70792, tid=72932
#
# JRE version: OpenJDK Runtime Environment Corretto-17.0.3.6.1 (17.0.3+6) (build 17.0.3+6-LTS)
# Java VM: OpenJDK 64-Bit Server VM Corretto-17.0.3.6.1 (17.0.3+6-LTS, mixed mode, sharing, tiered, compressed oops, compressed class ptrs, g1 gc, windows-amd64)
# No core dump will be written. Minidumps are not enabled by default on client versions of Windows
#

---------------  S U M M A R Y ------------

Command Line: -ea -Didea.test.cyclic.buffer.size=1048576 -javaagent:C:\Program Files\JetBrains\IntelliJ IDEA Community Edition 2022.1.3\lib\idea_rt.jar=54635:C:\Program Files\JetBrains\IntelliJ IDEA Community Edition 2022.1.3\bin -Dfile.encoding=UTF-8 com.intellij.rt.testng.RemoteTestNGStarter -usedefaultlisteners false -socket54634 @w@C:\Users\aleks\AppData\Local\Temp\idea_working_dirs_testng.tmp -temp C:\Users\aleks\AppData\Local\Temp\idea_testng.tmp

Host: AMD Ryzen 5 5500U with Radeon Graphics         , 12 cores, 5G,  Windows 11 , 64 bit Build 22000 (10.0.22000.1335)
Time: Fri Jan  6 18:42:24 2023  Windows 11 , 64 bit Build 22000 (10.0.22000.1335) elapsed time: 11.313729 seconds (0d 0h 0m 11s)

---------------  T H R E A D  ---------------

Current thread (0x000001cf30c2fda0):  JavaThread "C2 CompilerThread0" daemon [_thread_in_native, id=72932, stack(0x0000006855500000,0x0000006855600000)]


Current CompileTask:
C2:  11313 2431   !   4       jdk.internal.loader.BuiltinClassLoader::loadClassOrNull (143 bytes)

Stack: [0x0000006855500000,0x0000006855600000]
Native frames: (J=compiled Java code, j=interpreted, Vv=VM code, C=native code)
V  [jvm.dll+0x645e5a]
V  [jvm.dll+0x7f6fc4]
V  [jvm.dll+0x7f877e]
V  [jvm.dll+0x7f8dd3]
V  [jvm.dll+0x234bb8]
V  [jvm.dll+0xbd05c]
V  [jvm.dll+0xbd3ac]
V  [jvm.dll+0x6563fd]
V  [jvm.dll+0x652e04]
V  [jvm.dll+0x19bacc]
V  [jvm.dll+0x29b038]
V  [jvm.dll+0x65d763]
V  [jvm.dll+0x655b1f]
V  [jvm.dll+0x65519e]
V  [jvm.dll+0x653156]
V  [jvm.dll+0x19bacc]
V  [jvm.dll+0x29b038]
V  [jvm.dll+0x65d763]
V  [jvm.dll+0x655b1f]
V  [jvm.dll+0x65519e]
V  [jvm.dll+0x653156]
V  [jvm.dll+0x19bacc]
V  [jvm.dll+0x19c688]
V  [jvm.dll+0x29b038]
V  [jvm.dll+0x65d763]
V  [jvm.dll+0x655b1f]
V  [jvm.dll+0x65519e]
V  [jvm.dll+0x653156]
V  [jvm.dll+0x19bacc]
V  [jvm.dll+0x19c688]
V  [jvm.dll+0x29b038]
V  [jvm.dll+0x65d763]
V  [jvm.dll+0x655b1f]
V  [jvm.dll+0x65519e]
V  [jvm.dll+0x653156]
V  [jvm.dll+0x19bacc]
V  [jvm.dll+0x19c688]
V  [jvm.dll+0x29b038]
V  [jvm.dll+0x65d763]
V  [jvm.dll+0x655b1f]
V  [jvm.dll+0x65519e]
V  [jvm.dll+0x653156]
V  [jvm.dll+0x19bacc]
V  [jvm.dll+0x19c688]
V  [jvm.dll+0x29b038]
V  [jvm.dll+0x65d763]
V  [jvm.dll+0x655b1f]
V  [jvm.dll+0x65519e]
V  [jvm.dll+0x653156]
V  [jvm.dll+0x19bacc]
V  [jvm.dll+0x19c688]
V  [jvm.dll+0x29b038]
V  [jvm.dll+0x65d763]
V  [jvm.dll+0x655b1f]
V  [jvm.dll+0x65519e]
V  [jvm.dll+0x653156]
V  [jvm.dll+0x19bacc]
V  [jvm.dll+0x19c688]
V  [jvm.dll+0x29b038]
V  [jvm.dll+0x65d763]
V  [jvm.dll+0x655b1f]
V  [jvm.dll+0x65519e]
V  [jvm.dll+0x653156]
V  [jvm.dll+0x19bacc]
V  [jvm.dll+0x19c688]
V  [jvm.dll+0x19c688]
V  [jvm.dll+0x19c5ca]
V  [jvm.dll+0x29b038]
V  [jvm.dll+0x65d763]
V  [jvm.dll+0x655b1f]
V  [jvm.dll+0x65519e]
V  [jvm.dll+0x653156]
V  [jvm.dll+0x19bacc]
V  [jvm.dll+0x19c688]
V  [jvm.dll+0x29b038]
V  [jvm.dll+0x65d763]
V  [jvm.dll+0x655b1f]
V  [jvm.dll+0x65519e]
V  [jvm.dll+0x653156]
V  [jvm.dll+0x19bacc]
V  [jvm.dll+0x2083cc]
V  [jvm.dll+0x198b5d]
V  [jvm.dll+0x217b49]
V  [jvm.dll+0x215d9b]
V  [jvm.dll+0x7af68b]
V  [jvm.dll+0x7a9c9a]
V  [jvm.dll+0x644d05]
C  [ucrtbase.dll+0x26c0c]
C  [KERNEL32.DLL+0x155a0]
C  [ntdll.dll+0x485b]


---------------  P R O C E S S  ---------------

Threads class SMR info:
_java_thread_list=0x000001cf33062690, length=24, elements={
0x000001cf137f68b0, 0x000001cf30c0d240, 0x000001cf30c0fe00, 0x000001cf30c26de0,
0x000001cf30c27790, 0x000001cf30c29150, 0x000001cf30c29b00, 0x000001cf30c2fda0,
0x000001cf30c39b70, 0x000001cf30c3a470, 0x000001cf138cdd30, 0x000001cf319151e0,
0x000001cf319156b0, 0x000001cf32b8a6f0, 0x000001cf32e53e80, 0x000001cf3300f090,
0x000001cf32ac9fe0, 0x000001cf3275fa00, 0x000001cf3317f810, 0x000001cf331b1e10,
0x000001cf331b1940, 0x000001cf331b0ad0, 0x000001cf331b1470, 0x000001cf331b22e0
}

Java Threads: ( => current thread )
  0x000001cf137f68b0 JavaThread "main" [_thread_in_native, id=28968, stack(0x0000006854800000,0x0000006854900000)]
  0x000001cf30c0d240 JavaThread "Reference Handler" daemon [_thread_blocked, id=76860, stack(0x0000006854f00000,0x0000006855000000)]
  0x000001cf30c0fe00 JavaThread "Finalizer" daemon [_thread_blocked, id=77916, stack(0x0000006855000000,0x0000006855100000)]
  0x000001cf30c26de0 JavaThread "Signal Dispatcher" daemon [_thread_blocked, id=72092, stack(0x0000006855100000,0x0000006855200000)]
  0x000001cf30c27790 JavaThread "Attach Listener" daemon [_thread_blocked, id=77464, stack(0x0000006855200000,0x0000006855300000)]
  0x000001cf30c29150 JavaThread "Service Thread" daemon [_thread_blocked, id=14276, stack(0x0000006855300000,0x0000006855400000)]
  0x000001cf30c29b00 JavaThread "Monitor Deflation Thread" daemon [_thread_blocked, id=75944, stack(0x0000006855400000,0x0000006855500000)]
=>0x000001cf30c2fda0 JavaThread "C2 CompilerThread0" daemon [_thread_in_native, id=72932, stack(0x0000006855500000,0x0000006855600000)]
  0x000001cf30c39b70 JavaThread "C1 CompilerThread0" daemon [_thread_blocked, id=72544, stack(0x0000006855600000,0x0000006855700000)]
  0x000001cf30c3a470 JavaThread "Sweeper thread" daemon [_thread_blocked, id=67300, stack(0x0000006855700000,0x0000006855800000)]
  0x000001cf138cdd30 JavaThread "Common-Cleaner" daemon [_thread_blocked, id=76900, stack(0x0000006855800000,0x0000006855900000)]
  0x000001cf319151e0 JavaThread "Monitor Ctrl-Break" daemon [_thread_in_native, id=75572, stack(0x0000006855900000,0x0000006855a00000)]
  0x000001cf319156b0 JavaThread "Notification Thread" daemon [_thread_blocked, id=73208, stack(0x0000006855a00000,0x0000006855b00000)]
  0x000001cf32b8a6f0 JavaThread "ForkJoinPool.commonPool-worker-1" daemon [_thread_blocked, id=64808, stack(0x0000006856300000,0x0000006856400000)]
  0x000001cf32e53e80 JavaThread "AsyncHttpClient-1-1" daemon [_thread_blocked, id=61684, stack(0x0000006856400000,0x0000006856500000)]
  0x000001cf3300f090 JavaThread "Exec Default Executor" daemon [_thread_in_native, id=37756, stack(0x0000006856500000,0x0000006856600000)]
  0x000001cf32ac9fe0 JavaThread "Exec Stream Pumper" daemon [_thread_in_native, id=72824, stack(0x0000006856600000,0x0000006856700000)]
  0x000001cf3275fa00 JavaThread "Exec Stream Pumper" daemon [_thread_in_native, id=73652, stack(0x0000006856700000,0x0000006856800000)]
  0x000001cf3317f810 JavaThread "Driver Service Executor" daemon [_thread_blocked, id=71768, stack(0x0000006856800000,0x0000006856900000)]
  0x000001cf331b1e10 JavaThread "Driver Service Executor" daemon [_thread_blocked, id=65928, stack(0x0000006856900000,0x0000006856a00000)]
  0x000001cf331b1940 JavaThread "UrlChecker-2" daemon [_thread_blocked, id=60596, stack(0x0000006856a00000,0x0000006856b00000)]
  0x000001cf331b0ad0 JavaThread "AsyncHttpClient-1-2" daemon [_thread_in_native, id=73852, stack(0x0000006856f00000,0x0000006857000000)]
  0x000001cf331b1470 JavaThread "AsyncHttpClient-1-3" daemon [_thread_in_native, id=75884, stack(0x0000006857000000,0x0000006857100000)]
  0x000001cf331b22e0 JavaThread "AsyncHttpClient-1-4" daemon [_thread_in_native, id=59516, stack(0x0000006857100000,0x0000006857200000)]

Other Threads:
  0x000001cf30c093b0 VMThread "VM Thread" [stack: 0x0000006854e00000,0x0000006854f00000] [id=78068]
  0x000001cf138643d0 WatcherThread [stack: 0x0000006855b00000,0x0000006855c00000] [id=71828]
  0x000001cf13840290 GCTaskThread "GC Thread#0" [stack: 0x0000006854900000,0x0000006854a00000] [id=65400]
  0x000001cf321d98b0 GCTaskThread "GC Thread#1" [stack: 0x0000006855c00000,0x0000006855d00000] [id=71264]
  0x000001cf321d8080 GCTaskThread "GC Thread#2" [stack: 0x0000006855d00000,0x0000006855e00000] [id=34076]
  0x000001cf321d9b60 GCTaskThread "GC Thread#3" [stack: 0x0000006855e00000,0x0000006855f00000] [id=72892]
  0x000001cf321d85e0 GCTaskThread "GC Thread#4" [stack: 0x0000006855f00000,0x0000006856000000] [id=65316]
  0x000001cf321d8b40 GCTaskThread "GC Thread#5" [stack: 0x0000006856000000,0x0000006856100000] [id=73660]
  0x000001cf321d8330 GCTaskThread "GC Thread#6" [stack: 0x0000006856100000,0x0000006856200000] [id=67108]
  0x000001cf321d8df0 GCTaskThread "GC Thread#7" [stack: 0x0000006856200000,0x0000006856300000] [id=55112]
  0x000001cf321d9600 GCTaskThread "GC Thread#8" [stack: 0x0000006856d00000,0x0000006856e00000] [id=55532]
  0x000001cf32a79ea0 GCTaskThread "GC Thread#9" [stack: 0x0000006856e00000,0x0000006856f00000] [id=72880]
  0x000001cf1384cd90 ConcurrentGCThread "G1 Main Marker" [stack: 0x0000006854a00000,0x0000006854b00000] [id=70764]
  0x000001cf1384eff0 ConcurrentGCThread "G1 Conc#0" [stack: 0x0000006854b00000,0x0000006854c00000] [id=74556]
  0x000001cf32a79bf0 ConcurrentGCThread "G1 Conc#1" [stack: 0x0000006856c00000,0x0000006856d00000] [id=78836]
  0x000001cf32a7ac10 ConcurrentGCThread "G1 Conc#2" [stack: 0x0000006857200000,0x0000006857300000] [id=50008]
  0x000001cf30ad0090 ConcurrentGCThread "G1 Refine#0" [stack: 0x0000006854c00000,0x0000006854d00000] [id=54348]
  0x000001cf30ad1960 ConcurrentGCThread "G1 Service" [stack: 0x0000006854d00000,0x0000006854e00000] [id=70732]

Threads with active compile tasks:
C2 CompilerThread0    11358 2431   !   4       jdk.internal.loader.BuiltinClassLoader::loadClassOrNull (143 bytes)

VM state: not at safepoint (normal execution)

VM Mutex/Monitor currently owned by a thread: None

Heap address: 0x00000000a2200000, size: 1502 MB, Compressed Oops mode: 32-bit

CDS archive(s) mapped at: [0x0000000800000000-0x0000000800bc0000-0x0000000800bc0000), size 12320768, SharedBaseAddress: 0x0000000800000000, ArchiveRelocationMode: 0.
Compressed class space mapped at: 0x0000000800c00000-0x0000000840c00000, reserved size: 1073741824
Narrow klass base: 0x0000000800000000, Narrow klass shift: 0, Narrow klass range: 0x100000000

GC Precious Log:
 CPUs: 12 total, 12 available
 Memory: 6005M
 Large Page Support: Disabled
 NUMA Support: Disabled
 Compressed Oops: Enabled (32-bit)
 Heap Region Size: 1M
 Heap Min Capacity: 8M
 Heap Initial Capacity: 94M
 Heap Max Capacity: 1502M
 Pre-touch: Disabled
 Parallel Workers: 10
 Concurrent Workers: 3
 Concurrent Refinement Workers: 10
 Periodic GC: Disabled

Heap:
 garbage-first heap   total 58368K, used 35507K [0x00000000a2200000, 0x0000000100000000)
  region size 1024K, 22 young (22528K), 2 survivors (2048K)
 Metaspace       used 24846K, committed 25152K, reserved 1073152K
  class space    used 3316K, committed 3456K, reserved 1048576K

Heap Regions: E=young(eden), S=young(survivor), O=old, HS=humongous(starts), HC=humongous(continues), CS=collection set, F=free, OA=open archive, CA=closed archive, TAMS=top-at-mark-start (previous, next)
|   0|0x00000000a2200000, 0x00000000a2300000, 0x00000000a2300000|100%| O|  |TAMS 0x00000000a2300000, 0x00000000a2200000| Untracked 
|   1|0x00000000a2300000, 0x00000000a2400000, 0x00000000a2400000|100%| O|  |TAMS 0x00000000a2400000, 0x00000000a2300000| Untracked 
|   2|0x00000000a2400000, 0x00000000a2500000, 0x00000000a2500000|100%| O|  |TAMS 0x00000000a2500000, 0x00000000a2400000| Untracked 
|   3|0x00000000a2500000, 0x00000000a2600000, 0x00000000a2600000|100%| O|  |TAMS 0x00000000a2600000, 0x00000000a2500000| Untracked 
|   4|0x00000000a2600000, 0x00000000a2700000, 0x00000000a2700000|100%| O|  |TAMS 0x00000000a26b8600, 0x00000000a2600000| Untracked 
|   5|0x00000000a2700000, 0x00000000a2800000, 0x00000000a2800000|100%|HS|  |TAMS 0x00000000a2800000, 0x00000000a2700000| Complete 
|   6|0x00000000a2800000, 0x00000000a2900000, 0x00000000a2900000|100%|HC|  |TAMS 0x00000000a2900000, 0x00000000a2800000| Complete 
|   7|0x00000000a2900000, 0x00000000a2a00000, 0x00000000a2a00000|100%|HC|  |TAMS 0x00000000a2a00000, 0x00000000a2900000| Complete 
|   8|0x00000000a2a00000, 0x00000000a2b00000, 0x00000000a2b00000|100%|HC|  |TAMS 0x00000000a2b00000, 0x00000000a2a00000| Complete 
|   9|0x00000000a2b00000, 0x00000000a2c00000, 0x00000000a2c00000|100%|HC|  |TAMS 0x00000000a2c00000, 0x00000000a2b00000| Complete 
|  10|0x00000000a2c00000, 0x00000000a2d00000, 0x00000000a2d00000|100%| O|  |TAMS 0x00000000a2c00000, 0x00000000a2c00000| Untracked 
|  11|0x00000000a2d00000, 0x00000000a2e00000, 0x00000000a2e00000|100%| O|  |TAMS 0x00000000a2d00000, 0x00000000a2d00000| Untracked 
|  12|0x00000000a2e00000, 0x00000000a2f00000, 0x00000000a2f00000|100%| O|  |TAMS 0x00000000a2e00000, 0x00000000a2e00000| Untracked 
|  13|0x00000000a2f00000, 0x00000000a2feec00, 0x00000000a3000000| 93%| O|  |TAMS 0x00000000a2f00000, 0x00000000a2f00000| Untracked 
|  14|0x00000000a3000000, 0x00000000a3000000, 0x00000000a3100000|  0%| F|  |TAMS 0x00000000a3000000, 0x00000000a3000000| Untracked 
|  15|0x00000000a3100000, 0x00000000a3100000, 0x00000000a3200000|  0%| F|  |TAMS 0x00000000a3100000, 0x00000000a3100000| Untracked 
|  16|0x00000000a3200000, 0x00000000a3200000, 0x00000000a3300000|  0%| F|  |TAMS 0x00000000a3200000, 0x00000000a3200000| Untracked 
|  17|0x00000000a3300000, 0x00000000a3300000, 0x00000000a3400000|  0%| F|  |TAMS 0x00000000a3300000, 0x00000000a3300000| Untracked 
|  18|0x00000000a3400000, 0x00000000a3400000, 0x00000000a3500000|  0%| F|  |TAMS 0x00000000a3400000, 0x00000000a3400000| Untracked 
|  19|0x00000000a3500000, 0x00000000a3500000, 0x00000000a3600000|  0%| F|  |TAMS 0x00000000a3500000, 0x00000000a3500000| Untracked 
|  20|0x00000000a3600000, 0x00000000a3600000, 0x00000000a3700000|  0%| F|  |TAMS 0x00000000a3600000, 0x00000000a3600000| Untracked 
|  21|0x00000000a3700000, 0x00000000a3700000, 0x00000000a3800000|  0%| F|  |TAMS 0x00000000a3700000, 0x00000000a3700000| Untracked 
|  22|0x00000000a3800000, 0x00000000a3800000, 0x00000000a3900000|  0%| F|  |TAMS 0x00000000a3800000, 0x00000000a3800000| Untracked 
|  23|0x00000000a3900000, 0x00000000a3900000, 0x00000000a3a00000|  0%| F|  |TAMS 0x00000000a3900000, 0x00000000a3900000| Untracked 
|  24|0x00000000a3a00000, 0x00000000a3a00000, 0x00000000a3b00000|  0%| F|  |TAMS 0x00000000a3a00000, 0x00000000a3a00000| Untracked 
|  25|0x00000000a3b00000, 0x00000000a3b00000, 0x00000000a3c00000|  0%| F|  |TAMS 0x00000000a3b00000, 0x00000000a3b00000| Untracked 
|  26|0x00000000a3c00000, 0x00000000a3c00000, 0x00000000a3d00000|  0%| F|  |TAMS 0x00000000a3c00000, 0x00000000a3c00000| Untracked 
|  27|0x00000000a3d00000, 0x00000000a3d00000, 0x00000000a3e00000|  0%| F|  |TAMS 0x00000000a3d00000, 0x00000000a3d00000| Untracked 
|  28|0x00000000a3e00000, 0x00000000a3e00000, 0x00000000a3f00000|  0%| F|  |TAMS 0x00000000a3e00000, 0x00000000a3e00000| Untracked 
|  29|0x00000000a3f00000, 0x00000000a3f00000, 0x00000000a4000000|  0%| F|  |TAMS 0x00000000a3f00000, 0x00000000a3f00000| Untracked 
|  30|0x00000000a4000000, 0x00000000a4000000, 0x00000000a4100000|  0%| F|  |TAMS 0x00000000a4000000, 0x00000000a4000000| Untracked 
|  31|0x00000000a4100000, 0x00000000a4100000, 0x00000000a4200000|  0%| F|  |TAMS 0x00000000a4100000, 0x00000000a4100000| Untracked 
|  32|0x00000000a4200000, 0x00000000a4200000, 0x00000000a4300000|  0%| F|  |TAMS 0x00000000a4200000, 0x00000000a4200000| Untracked 
|  33|0x00000000a4300000, 0x00000000a4300000, 0x00000000a4400000|  0%| F|  |TAMS 0x00000000a4300000, 0x00000000a4300000| Untracked 
|  34|0x00000000a4400000, 0x00000000a4400000, 0x00000000a4500000|  0%| F|  |TAMS 0x00000000a4400000, 0x00000000a4400000| Untracked 
|  35|0x00000000a4500000, 0x00000000a4583268, 0x00000000a4600000| 51%| E|  |TAMS 0x00000000a4500000, 0x00000000a4500000| Complete 
|  36|0x00000000a4600000, 0x00000000a4700000, 0x00000000a4700000|100%| E|CS|TAMS 0x00000000a4600000, 0x00000000a4600000| Complete 
|  37|0x00000000a4700000, 0x00000000a4800000, 0x00000000a4800000|100%| E|CS|TAMS 0x00000000a4700000, 0x00000000a4700000| Complete 
|  38|0x00000000a4800000, 0x00000000a4900000, 0x00000000a4900000|100%| E|CS|TAMS 0x00000000a4800000, 0x00000000a4800000| Complete 
|  39|0x00000000a4900000, 0x00000000a4a00000, 0x00000000a4a00000|100%| E|CS|TAMS 0x00000000a4900000, 0x00000000a4900000| Complete 
|  40|0x00000000a4a00000, 0x00000000a4b00000, 0x00000000a4b00000|100%| E|CS|TAMS 0x00000000a4a00000, 0x00000000a4a00000| Complete 
|  41|0x00000000a4b00000, 0x00000000a4c00000, 0x00000000a4c00000|100%| E|CS|TAMS 0x00000000a4b00000, 0x00000000a4b00000| Complete 
|  42|0x00000000a4c00000, 0x00000000a4d00000, 0x00000000a4d00000|100%| E|CS|TAMS 0x00000000a4c00000, 0x00000000a4c00000| Complete 
|  43|0x00000000a4d00000, 0x00000000a4e00000, 0x00000000a4e00000|100%| E|CS|TAMS 0x00000000a4d00000, 0x00000000a4d00000| Complete 
|  44|0x00000000a4e00000, 0x00000000a4f00000, 0x00000000a4f00000|100%| E|CS|TAMS 0x00000000a4e00000, 0x00000000a4e00000| Complete 
|  45|0x00000000a4f00000, 0x00000000a5000000, 0x00000000a5000000|100%| E|CS|TAMS 0x00000000a4f00000, 0x00000000a4f00000| Complete 
|  46|0x00000000a5000000, 0x00000000a5100000, 0x00000000a5100000|100%| E|CS|TAMS 0x00000000a5000000, 0x00000000a5000000| Complete 
|  47|0x00000000a5100000, 0x00000000a5200000, 0x00000000a5200000|100%| E|CS|TAMS 0x00000000a5100000, 0x00000000a5100000| Complete 
|  48|0x00000000a5200000, 0x00000000a5300000, 0x00000000a5300000|100%| E|CS|TAMS 0x00000000a5200000, 0x00000000a5200000| Complete 
|  49|0x00000000a5300000, 0x00000000a5400000, 0x00000000a5400000|100%| E|CS|TAMS 0x00000000a5300000, 0x00000000a5300000| Complete 
|  50|0x00000000a5400000, 0x00000000a5500000, 0x00000000a5500000|100%| E|CS|TAMS 0x00000000a5400000, 0x00000000a5400000| Complete 
|  51|0x00000000a5500000, 0x00000000a5600000, 0x00000000a5600000|100%| E|CS|TAMS 0x00000000a5500000, 0x00000000a5500000| Complete 
|  52|0x00000000a5600000, 0x00000000a5700000, 0x00000000a5700000|100%| E|CS|TAMS 0x00000000a5600000, 0x00000000a5600000| Complete 
|  53|0x00000000a5700000, 0x00000000a5800000, 0x00000000a5800000|100%| E|CS|TAMS 0x00000000a5700000, 0x00000000a5700000| Complete 
|  72|0x00000000a6a00000, 0x00000000a6abe380, 0x00000000a6b00000| 74%| S|CS|TAMS 0x00000000a6a00000, 0x00000000a6a00000| Complete 
|  73|0x00000000a6b00000, 0x00000000a6c00000, 0x00000000a6c00000|100%| S|CS|TAMS 0x00000000a6b00000, 0x00000000a6b00000| Complete 
|  93|0x00000000a7f00000, 0x00000000a8000000, 0x00000000a8000000|100%| E|CS|TAMS 0x00000000a7f00000, 0x00000000a7f00000| Complete 

Card table byte_map: [0x000001cf2ab40000,0x000001cf2ae30000] _byte_map_base: 0x000001cf2a62f000

Marking Bits (Prev, Next): (CMBitMap*) 0x000001cf138408e0, (CMBitMap*) 0x000001cf138408a0
 Prev Bits: [0x000001cf2c8a0000, 0x000001cf2e018000)
 Next Bits: [0x000001cf2b120000, 0x000001cf2c898000)

Polling page: 0x000001cf11730000

Metaspace:

Usage:
  Non-class:     21.03 MB used.
      Class:      3.24 MB used.
       Both:     24.27 MB used.

Virtual space:
  Non-class space:       24.00 MB reserved,      21.19 MB ( 88%) committed,  3 nodes.
      Class space:        1.00 GB reserved,       3.38 MB ( <1%) committed,  1 nodes.
             Both:        1.02 GB reserved,      24.56 MB (  2%) committed. 

Chunk freelists:
   Non-Class:  2.56 MB
       Class:  656.00 KB
        Both:  3.20 MB

MaxMetaspaceSize: unlimited
CompressedClassSpaceSize: 1.00 GB
Initial GC threshold: 21.00 MB
Current GC threshold: 35.25 MB
CDS: on
MetaspaceReclaimPolicy: balanced
 - commit_granule_bytes: 65536.
 - commit_granule_words: 8192.
 - virtual_space_node_default_size: 1048576.
 - enlarge_chunks_in_place: 1.
 - new_chunks_are_fully_committed: 0.
 - uncommit_free_chunks: 1.
 - use_allocation_guard: 0.
 - handle_deallocations: 1.


Internal statistics:

num_allocs_failed_limit: 3.
num_arena_births: 322.
num_arena_deaths: 2.
num_vsnodes_births: 4.
num_vsnodes_deaths: 0.
num_space_committed: 393.
num_space_uncommitted: 0.
num_chunks_returned_to_freelist: 6.
num_chunks_taken_from_freelist: 1057.
num_chunk_merges: 0.
num_chunk_splits: 689.
num_chunks_enlarged: 487.
num_purges: 2.
num_inconsistent_stats: 0.

CodeHeap 'non-profiled nmethods': size=120000Kb used=1077Kb max_used=1077Kb free=118922Kb
 bounds [0x000001cf22dc0000, 0x000001cf23030000, 0x000001cf2a2f0000]
CodeHeap 'profiled nmethods': size=120000Kb used=4643Kb max_used=4643Kb free=115356Kb
 bounds [0x000001cf1b890000, 0x000001cf1bd20000, 0x000001cf22dc0000]
CodeHeap 'non-nmethods': size=5760Kb used=1277Kb max_used=1288Kb free=4482Kb
 bounds [0x000001cf1b2f0000, 0x000001cf1b560000, 0x000001cf1b890000]
 total_blobs=3060 nmethods=2473 adapters=498
 compilation: enabled
              stopped_count=0, restarted_count=0
 full_count=0

Compilation events (20 events):
Event: 11.302 Thread 0x000001cf30c39b70 2448       3       jdk.internal.reflect.ClassFileAssembler::incStack (11 bytes)
Event: 11.302 Thread 0x000001cf30c39b70 nmethod 2448 0x000001cf1bd0d410 code [0x000001cf1bd0d5a0, 0x000001cf1bd0d758]
Event: 11.302 Thread 0x000001cf30c39b70 2449       3       jdk.internal.reflect.ClassFileAssembler::getLength (11 bytes)
Event: 11.302 Thread 0x000001cf30c39b70 nmethod 2449 0x000001cf1bd0d810 code [0x000001cf1bd0d9c0, 0x000001cf1bd0db98]
Event: 11.302 Thread 0x000001cf30c39b70 2450       3       java.lang.Character::isJavaIdentifierPart (5 bytes)
Event: 11.302 Thread 0x000001cf30c39b70 nmethod 2450 0x000001cf1bd0dc90 code [0x000001cf1bd0de40, 0x000001cf1bd0e098]
Event: 11.303 Thread 0x000001cf30c39b70 2451       1       net.bytebuddy.implementation.bytecode.StackSize::getSize (5 bytes)
Event: 11.303 Thread 0x000001cf30c39b70 nmethod 2451 0x000001cf22ecc610 code [0x000001cf22ecc7a0, 0x000001cf22ecc878]
Event: 11.303 Thread 0x000001cf30c39b70 2452       1       sun.reflect.annotation.AnnotatedTypeFactory$AnnotatedTypeBaseImpl::getTypeAnnotations (5 bytes)
Event: 11.303 Thread 0x000001cf30c39b70 nmethod 2452 0x000001cf22ecc910 code [0x000001cf22eccaa0, 0x000001cf22eccb78]
Event: 11.303 Thread 0x000001cf30c39b70 2453       3       net.bytebuddy.description.type.TypeDescription$Generic$OfParameterizedType::<init> (5 bytes)
Event: 11.303 Thread 0x000001cf30c39b70 nmethod 2453 0x000001cf1bd0e190 code [0x000001cf1bd0e340, 0x000001cf1bd0e578]
Event: 11.303 Thread 0x000001cf30c39b70 2454       1       sun.reflect.generics.reflectiveObjects.ParameterizedTypeImpl::getOwnerType (5 bytes)
Event: 11.303 Thread 0x000001cf30c39b70 nmethod 2454 0x000001cf22eccc10 code [0x000001cf22eccda0, 0x000001cf22ecce78]
Event: 11.303 Thread 0x000001cf30c39b70 2456       3       sun.reflect.annotation.AnnotatedTypeFactory$AnnotatedTypeBaseImpl::<init> (39 bytes)
Event: 11.303 Thread 0x000001cf30c39b70 nmethod 2456 0x000001cf1bd0e690 code [0x000001cf1bd0e860, 0x000001cf1bd0ec18]
Event: 11.303 Thread 0x000001cf30c39b70 2455       1       net.bytebuddy.description.type.TypeDescription$Generic$OfNonGenericType$Latent::asErasure (5 bytes)
Event: 11.303 Thread 0x000001cf30c39b70 nmethod 2455 0x000001cf22eccf10 code [0x000001cf22ecd0a0, 0x000001cf22ecd178]
Event: 11.304 Thread 0x000001cf30c39b70 2458       3       java.util.AbstractList::hashCode (46 bytes)
Event: 11.304 Thread 0x000001cf30c39b70 nmethod 2458 0x000001cf1bd0ed90 code [0x000001cf1bd0ef80, 0x000001cf1bd0f4d8]

GC Heap History (6 events):
Event: 1.164 GC heap before
{Heap before GC invocations=0 (full 0):
 garbage-first heap   total 96256K, used 23552K [0x00000000a2200000, 0x0000000100000000)
  region size 1024K, 23 young (23552K), 0 survivors (0K)
 Metaspace       used 7085K, committed 7296K, reserved 1056768K
  class space    used 833K, committed 960K, reserved 1048576K
}
Event: 1.171 GC heap after
{Heap after GC invocations=1 (full 0):
 garbage-first heap   total 96256K, used 4792K [0x00000000a2200000, 0x0000000100000000)
  region size 1024K, 3 young (3072K), 3 survivors (3072K)
 Metaspace       used 7085K, committed 7296K, reserved 1056768K
  class space    used 833K, committed 960K, reserved 1048576K
}
Event: 2.124 GC heap before
{Heap before GC invocations=1 (full 0):
 garbage-first heap   total 96256K, used 35512K [0x00000000a2200000, 0x0000000100000000)
  region size 1024K, 33 young (33792K), 3 survivors (3072K)
 Metaspace       used 16597K, committed 16960K, reserved 1064960K
  class space    used 1994K, committed 2176K, reserved 1048576K
}
Event: 2.133 GC heap after
{Heap after GC invocations=2 (full 0):
 garbage-first heap   total 96256K, used 9429K [0x00000000a2200000, 0x0000000100000000)
  region size 1024K, 5 young (5120K), 5 survivors (5120K)
 Metaspace       used 16597K, committed 16960K, reserved 1064960K
  class space    used 1994K, committed 2176K, reserved 1048576K
}
Event: 10.804 GC heap before
{Heap before GC invocations=2 (full 0):
 garbage-first heap   total 96256K, used 34005K [0x00000000a2200000, 0x0000000100000000)
  region size 1024K, 25 young (25600K), 5 survivors (5120K)
 Metaspace       used 21281K, committed 21504K, reserved 1073152K
  class space    used 2643K, committed 2752K, reserved 1048576K
}
Event: 10.814 GC heap after
{Heap after GC invocations=3 (full 0):
 garbage-first heap   total 96256K, used 16051K [0x00000000a2200000, 0x0000000100000000)
  region size 1024K, 2 young (2048K), 2 survivors (2048K)
 Metaspace       used 21281K, committed 21504K, reserved 1073152K
  class space    used 2643K, committed 2752K, reserved 1048576K
}

Deoptimization events (20 events):
Event: 1.943 Thread 0x000001cf331b1940 Uncommon trap: trap_request=0xffffff45 fr.pc=0x000001cf22e5c178 relative=0x00000000000000d8
Event: 1.943 Thread 0x000001cf331b1940 Uncommon trap: reason=unstable_if action=reinterpret pc=0x000001cf22e5c178 method=java.lang.CharacterDataLatin1.digit(II)I @ 12 c2
Event: 1.943 Thread 0x000001cf331b1940 DEOPT PACKING pc=0x000001cf22e5c178 sp=0x0000006856afeac0
Event: 1.943 Thread 0x000001cf331b1940 DEOPT UNPACKING pc=0x000001cf1b3423a3 sp=0x0000006856afe978 mode 2
Event: 1.964 Thread 0x000001cf331b1940 Uncommon trap: trap_request=0xffffff45 fr.pc=0x000001cf22e5bdc8 relative=0x00000000000000a8
Event: 1.964 Thread 0x000001cf331b1940 Uncommon trap: reason=unstable_if action=reinterpret pc=0x000001cf22e5bdc8 method=java.lang.CharacterDataLatin1.digit(II)I @ 12 c2
Event: 1.964 Thread 0x000001cf331b1940 DEOPT PACKING pc=0x000001cf22e5bdc8 sp=0x0000006856afea10
Event: 1.964 Thread 0x000001cf331b1940 DEOPT UNPACKING pc=0x000001cf1b3423a3 sp=0x0000006856afe988 mode 2
Event: 2.067 Thread 0x000001cf137f68b0 Uncommon trap: trap_request=0xffffff45 fr.pc=0x000001cf22e3744c relative=0x000000000000238c
Event: 2.067 Thread 0x000001cf137f68b0 Uncommon trap: reason=unstable_if action=reinterpret pc=0x000001cf22e3744c method=jdk.internal.org.objectweb.asm.Frame.push(Ljdk/internal/org/objectweb/asm/SymbolTable;Ljava/lang/String;)V @ 49 c2
Event: 2.067 Thread 0x000001cf137f68b0 DEOPT PACKING pc=0x000001cf22e3744c sp=0x00000068548fbfa0
Event: 2.067 Thread 0x000001cf137f68b0 DEOPT UNPACKING pc=0x000001cf1b3423a3 sp=0x00000068548fbeb0 mode 2
Event: 3.840 Thread 0x000001cf137f68b0 Uncommon trap: trap_request=0xffffff45 fr.pc=0x000001cf22e4a3bc relative=0x0000000000000e9c
Event: 3.840 Thread 0x000001cf137f68b0 Uncommon trap: reason=unstable_if action=reinterpret pc=0x000001cf22e4a3bc method=java.util.concurrent.ConcurrentHashMap.putVal(Ljava/lang/Object;Ljava/lang/Object;Z)Ljava/lang/Object; @ 256 c2
Event: 3.840 Thread 0x000001cf137f68b0 DEOPT PACKING pc=0x000001cf22e4a3bc sp=0x00000068548fd9b0
Event: 3.840 Thread 0x000001cf137f68b0 DEOPT UNPACKING pc=0x000001cf1b3423a3 sp=0x00000068548fd938 mode 2
Event: 11.097 Thread 0x000001cf137f68b0 Uncommon trap: trap_request=0xffffff45 fr.pc=0x000001cf22e09f90 relative=0x00000000000011d0
Event: 11.097 Thread 0x000001cf137f68b0 Uncommon trap: reason=unstable_if action=reinterpret pc=0x000001cf22e09f90 method=java.util.jar.JarFile.getVersionedEntry(Ljava/lang/String;Ljava/util/jar/JarEntry;)Ljava/util/jar/JarEntry; @ 26 c2
Event: 11.097 Thread 0x000001cf137f68b0 DEOPT PACKING pc=0x000001cf22e09f90 sp=0x00000068548fd4f0
Event: 11.097 Thread 0x000001cf137f68b0 DEOPT UNPACKING pc=0x000001cf1b3423a3 sp=0x00000068548fd460 mode 2

Classes unloaded (1 events):
Event: 10.818 Thread 0x000001cf30c093b0 Unloading class 0x0000000800c02000 'java/lang/invoke/LambdaForm$DMH+0x0000000800c02000'

Classes redefined (0 events):
No events

Internal exceptions (20 events):
Event: 1.885 Thread 0x000001cf3300f090 Exception <a 'java/lang/NoSuchMethodError'{0x00000000a62955e0}: 'java.lang.Object java.lang.invoke.DirectMethodHandle$Holder.newInvokeSpecial(java.lang.Object, long)'> (0x00000000a62955e0) 
thrown [c:\wsjdk\corretto17src\installers\windows\zip\corretto-build\buildroot\src\hotspot\share\interpreter\linkResolver.cpp, line 766]
Event: 1.886 Thread 0x000001cf3300f090 Exception <a 'java/lang/NoSuchMethodError'{0x00000000a629c108}: 'java.lang.Object java.lang.invoke.DirectMethodHandle$Holder.invokeStatic(java.lang.Object, java.lang.Object, long, java.lang.Object)'> (0x00000000a629c108) 
thrown [c:\wsjdk\corretto17src\installers\windows\zip\corretto-build\buildroot\src\hotspot\share\interpreter\linkResolver.cpp, line 766]
Event: 1.887 Thread 0x000001cf3300f090 Exception <a 'java/lang/NoSuchMethodError'{0x00000000a629f8f8}: 'java.lang.Object java.lang.invoke.DirectMethodHandle$Holder.invokeStaticInit(java.lang.Object, java.lang.Object, long, java.lang.Object)'> (0x00000000a629f8f8) 
thrown [c:\wsjdk\corretto17src\installers\windows\zip\corretto-build\buildroot\src\hotspot\share\interpreter\linkResolver.cpp, line 766]
Event: 1.887 Thread 0x000001cf3300f090 Exception <a 'java/lang/NoSuchMethodError'{0x00000000a62a5980}: 'java.lang.Object java.lang.invoke.DirectMethodHandle$Holder.newInvokeSpecial(java.lang.Object, java.lang.Object, long)'> (0x00000000a62a5980) 
thrown [c:\wsjdk\corretto17src\installers\windows\zip\corretto-build\buildroot\src\hotspot\share\interpreter\linkResolver.cpp, line 766]
Event: 1.943 Thread 0x000001cf331b1940 Exception <a 'java/net/ConnectException'{0x00000000a613b8f0}: Connection refused: no further information> (0x00000000a613b8f0) 
thrown [c:\wsjdk\corretto17src\installers\windows\zip\corretto-build\buildroot\src\hotspot\share\prims\jni.cpp, line 535]
Event: 1.943 Thread 0x000001cf331b1940 Exception <a 'java/net/SocketException'{0x00000000a613bc28}: Socket is not connected: shutdown> (0x00000000a613bc28) 
thrown [c:\wsjdk\corretto17src\installers\windows\zip\corretto-build\buildroot\src\hotspot\share\prims\jni.cpp, line 535]
Event: 1.965 Thread 0x000001cf331b1940 Exception <a 'java/net/ConnectException'{0x00000000a613cc90}: Connection refused: no further information> (0x00000000a613cc90) 
thrown [c:\wsjdk\corretto17src\installers\windows\zip\corretto-build\buildroot\src\hotspot\share\prims\jni.cpp, line 535]
Event: 1.965 Thread 0x000001cf331b1940 Exception <a 'java/net/SocketException'{0x00000000a613cfc8}: Socket is not connected: shutdown> (0x00000000a613cfc8) 
thrown [c:\wsjdk\corretto17src\installers\windows\zip\corretto-build\buildroot\src\hotspot\share\prims\jni.cpp, line 535]
Event: 1.996 Thread 0x000001cf331b1940 Exception <a 'java/net/ConnectException'{0x00000000a613df60}: Connection refused: no further information> (0x00000000a613df60) 
thrown [c:\wsjdk\corretto17src\installers\windows\zip\corretto-build\buildroot\src\hotspot\share\prims\jni.cpp, line 535]
Event: 1.996 Thread 0x000001cf331b1940 Exception <a 'java/net/SocketException'{0x00000000a613e298}: Socket is not connected: shutdown> (0x00000000a613e298) 
thrown [c:\wsjdk\corretto17src\installers\windows\zip\corretto-build\buildroot\src\hotspot\share\prims\jni.cpp, line 535]
Event: 2.067 Thread 0x000001cf137f68b0 Exception <a 'java/lang/NoSuchMethodError'{0x00000000a616f998}: 'double java.lang.invoke.DirectMethodHandle$Holder.invokeVirtual(java.lang.Object, java.lang.Object)'> (0x00000000a616f998) 
thrown [c:\wsjdk\corretto17src\installers\windows\zip\corretto-build\buildroot\src\hotspot\share\interpreter\linkResolver.cpp, line 766]
Event: 2.067 Thread 0x000001cf137f68b0 Exception <a 'java/lang/NoSuchMethodError'{0x00000000a6176140}: 'float java.lang.invoke.DirectMethodHandle$Holder.invokeVirtual(java.lang.Object, java.lang.Object)'> (0x00000000a6176140) 
thrown [c:\wsjdk\corretto17src\installers\windows\zip\corretto-build\buildroot\src\hotspot\share\interpreter\linkResolver.cpp, line 766]
Event: 2.068 Thread 0x000001cf137f68b0 Exception <a 'java/lang/NoSuchMethodError'{0x00000000a617f120}: 'long java.lang.invoke.DirectMethodHandle$Holder.invokeVirtual(java.lang.Object, java.lang.Object)'> (0x00000000a617f120) 
thrown [c:\wsjdk\corretto17src\installers\windows\zip\corretto-build\buildroot\src\hotspot\share\interpreter\linkResolver.cpp, line 766]
Event: 2.072 Thread 0x000001cf137f68b0 Exception <a 'java/lang/NoSuchMethodError'{0x00000000a61b09a8}: 'java.lang.Object java.lang.invoke.DirectMethodHandle$Holder.invokeVirtual(java.lang.Object, java.lang.Object, java.lang.Object)'> (0x00000000a61b09a8) 
thrown [c:\wsjdk\corretto17src\installers\windows\zip\corretto-build\buildroot\src\hotspot\share\interpreter\linkResolver.cpp, line 766]
Event: 2.094 Thread 0x000001cf137f68b0 Exception <a 'java/lang/NoSuchMethodError'{0x00000000a60c7d70}: 'void java.lang.invoke.DirectMethodHandle$Holder.invokeSpecial(java.lang.Object, java.lang.Object, java.lang.Object, java.lang.Object, java.lang.Object)'> (0x00000000a60c7d70) 
thrown [c:\wsjdk\corretto17src\installers\windows\zip\corretto-build\buildroot\src\hotspot\share\interpreter\linkResolver.cpp, line 766]
Event: 2.095 Thread 0x000001cf137f68b0 Exception <a 'java/lang/NoSuchMethodError'{0x00000000a60cec50}: 'void java.lang.invoke.DirectMethodHandle$Holder.invokeStatic(java.lang.Object, java.lang.Object, int)'> (0x00000000a60cec50) 
thrown [c:\wsjdk\corretto17src\installers\windows\zip\corretto-build\buildroot\src\hotspot\share\interpreter\linkResolver.cpp, line 766]
Event: 2.158 Thread 0x000001cf137f68b0 Exception <a 'java/lang/NoSuchMethodError'{0x00000000a7e83660}: 'int java.lang.invoke.DirectMethodHandle$Holder.invokeSpecialIFC(java.lang.Object, java.lang.Object, java.lang.Object)'> (0x00000000a7e83660) 
thrown [c:\wsjdk\corretto17src\installers\windows\zip\corretto-build\buildroot\src\hotspot\share\interpreter\linkResolver.cpp, line 766]
Event: 2.243 Thread 0x000001cf137f68b0 Exception <a 'java/lang/NoSuchMethodError'{0x00000000a7bdf000}: 'void java.lang.invoke.DirectMethodHandle$Holder.invokeSpecial(java.lang.Object, java.lang.Object, java.lang.Object, java.lang.Object, java.lang.Object, java.lang.Object)'> (0x00000000a7bdf000) 
thrown [c:\wsjdk\corretto17src\installers\windows\zip\corretto-build\buildroot\src\hotspot\share\interpreter\linkResolver.cpp, line 766]
Event: 3.813 Thread 0x000001cf137f68b0 Exception <a 'java/lang/NoSuchMethodError'{0x00000000a73fd7f0}: 'java.lang.Object java.lang.invoke.DirectMethodHandle$Holder.invokeSpecialIFC(java.lang.Object, java.lang.Object, java.lang.Object)'> (0x00000000a73fd7f0) 
thrown [c:\wsjdk\corretto17src\installers\windows\zip\corretto-build\buildroot\src\hotspot\share\interpreter\linkResolver.cpp, line 766]
Event: 10.846 Thread 0x000001cf137f68b0 Exception <a 'java/lang/NoSuchMethodError'{0x00000000a7fc8980}: 'java.lang.Object java.lang.invoke.DirectMethodHandle$Holder.invokeStaticInit(java.lang.Object, int)'> (0x00000000a7fc8980) 
thrown [c:\wsjdk\corretto17src\installers\windows\zip\corretto-build\buildroot\src\hotspot\share\interpreter\linkResolver.cpp, line 766]

VM Operations (20 events):
Event: 2.047 Executing VM operation: HandshakeAllThreads
Event: 2.047 Executing VM operation: HandshakeAllThreads done
Event: 2.048 Executing VM operation: HandshakeAllThreads
Event: 2.048 Executing VM operation: HandshakeAllThreads done
Event: 2.050 Executing VM operation: HandshakeAllThreads
Event: 2.050 Executing VM operation: HandshakeAllThreads done
Event: 2.124 Executing VM operation: G1CollectForAllocation
Event: 2.133 Executing VM operation: G1CollectForAllocation done
Event: 3.141 Executing VM operation: Cleanup
Event: 3.141 Executing VM operation: Cleanup done
Event: 4.147 Executing VM operation: Cleanup
Event: 4.147 Executing VM operation: Cleanup done
Event: 10.804 Executing VM operation: CollectForMetadataAllocation
Event: 10.814 Executing VM operation: CollectForMetadataAllocation done
Event: 10.818 Executing VM operation: G1Concurrent
Event: 10.822 Executing VM operation: G1Concurrent done
Event: 10.822 Executing VM operation: G1Concurrent
Event: 10.827 Executing VM operation: G1Concurrent done
Event: 11.264 Executing VM operation: HandshakeAllThreads
Event: 11.264 Executing VM operation: HandshakeAllThreads done

Events (20 events):
Event: 11.208 loading class sun/reflect/generics/tree/VoidDescriptor
Event: 11.208 loading class sun/reflect/generics/tree/VoidDescriptor done
Event: 11.214 loading class java/lang/Class$EnclosingMethodInfo
Event: 11.215 loading class java/lang/Class$EnclosingMethodInfo done
Event: 11.218 loading class java/lang/reflect/AccessibleObject$Cache
Event: 11.218 loading class java/lang/reflect/AccessibleObject$Cache done
Event: 11.243 loading class java/util/AbstractList$SubList
Event: 11.244 loading class java/util/AbstractList$SubList done
Event: 11.263 loading class java/util/AbstractList$ListItr
Event: 11.263 loading class java/util/AbstractList$ListItr done
Event: 11.268 loading class java/lang/reflect/AnnotatedTypeVariable
Event: 11.268 loading class java/lang/reflect/AnnotatedTypeVariable done
Event: 11.298 loading class sun/reflect/annotation/AnnotatedTypeFactory$AnnotatedParameterizedTypeImpl
Event: 11.298 loading class sun/reflect/annotation/AnnotatedTypeFactory$AnnotatedParameterizedTypeImpl done
Event: 11.298 loading class sun/reflect/annotation/AnnotatedTypeFactory$AnnotatedWildcardTypeImpl
Event: 11.298 loading class sun/reflect/annotation/AnnotatedTypeFactory$AnnotatedWildcardTypeImpl done
Event: 11.299 loading class sun/reflect/annotation/AnnotatedTypeFactory$AnnotatedTypeVariableImpl
Event: 11.299 loading class sun/reflect/annotation/AnnotatedTypeFactory$AnnotatedTypeVariableImpl done
Event: 11.299 loading class sun/reflect/annotation/AnnotatedTypeFactory$AnnotatedArrayTypeImpl
Event: 11.299 loading class sun/reflect/annotation/AnnotatedTypeFactory$AnnotatedArrayTypeImpl done


Dynamic libraries:
0x00007ff776c70000 - 0x00007ff776c7d000 	C:\Users\aleks\.jdks\corretto-17.0.3\bin\java.exe
0x00007ffa3f200000 - 0x00007ffa3f409000 	C:\WINDOWS\SYSTEM32\ntdll.dll
0x00007ffa3d390000 - 0x00007ffa3d44e000 	C:\WINDOWS\System32\KERNEL32.DLL
0x00007ffa3cbd0000 - 0x00007ffa3cf4b000 	C:\WINDOWS\System32\KERNELBASE.dll
0x00007ffa3c870000 - 0x00007ffa3c981000 	C:\WINDOWS\System32\ucrtbase.dll
0x00007ffa37c40000 - 0x00007ffa37c55000 	C:\Users\aleks\.jdks\corretto-17.0.3\bin\VCRUNTIME140.dll
0x00007ffa38a70000 - 0x00007ffa38a88000 	C:\Users\aleks\.jdks\corretto-17.0.3\bin\jli.dll
0x00007ffa3d4b0000 - 0x00007ffa3d65d000 	C:\WINDOWS\System32\USER32.dll
0x00007ffa3c990000 - 0x00007ffa3c9b6000 	C:\WINDOWS\System32\win32u.dll
0x00007ffa23060000 - 0x00007ffa23305000 	C:\WINDOWS\WinSxS\amd64_microsoft.windows.common-controls_6595b64144ccf1df_6.0.22000.120_none_9d947278b86cc467\COMCTL32.dll
0x00007ffa3d660000 - 0x00007ffa3d689000 	C:\WINDOWS\System32\GDI32.dll
0x00007ffa3da60000 - 0x00007ffa3db03000 	C:\WINDOWS\System32\msvcrt.dll
0x00007ffa3c750000 - 0x00007ffa3c868000 	C:\WINDOWS\System32\gdi32full.dll
0x00007ffa3c9c0000 - 0x00007ffa3ca5d000 	C:\WINDOWS\System32\msvcp_win.dll
0x00007ffa3dc20000 - 0x00007ffa3dc52000 	C:\WINDOWS\System32\IMM32.DLL
0x00007ffa0bff0000 - 0x00007ffa0c08b000 	C:\Users\aleks\.jdks\corretto-17.0.3\bin\msvcp140.dll
0x00007ff9fb6e0000 - 0x00007ff9fc2fb000 	C:\Users\aleks\.jdks\corretto-17.0.3\bin\server\jvm.dll
0x00007ffa3e0e0000 - 0x00007ffa3e18e000 	C:\WINDOWS\System32\ADVAPI32.dll
0x00007ffa3ec40000 - 0x00007ffa3ecde000 	C:\WINDOWS\System32\sechost.dll
0x00007ffa3eaf0000 - 0x00007ffa3ec10000 	C:\WINDOWS\System32\RPCRT4.dll
0x00007ffa3d8e0000 - 0x00007ffa3d8e8000 	C:\WINDOWS\System32\PSAPI.DLL
0x00007ffa1ad40000 - 0x00007ffa1ad49000 	C:\WINDOWS\SYSTEM32\WSOCK32.dll
0x00007ffa33860000 - 0x00007ffa3386a000 	C:\WINDOWS\SYSTEM32\VERSION.dll
0x00007ffa35c40000 - 0x00007ffa35c73000 	C:\WINDOWS\SYSTEM32\WINMM.dll
0x00007ffa3ece0000 - 0x00007ffa3ed4f000 	C:\WINDOWS\System32\WS2_32.dll
0x00007ffa3b750000 - 0x00007ffa3b768000 	C:\WINDOWS\SYSTEM32\kernel.appcore.dll
0x00007ffa38370000 - 0x00007ffa3837a000 	C:\Users\aleks\.jdks\corretto-17.0.3\bin\jimage.dll
0x00007ffa3a2a0000 - 0x00007ffa3a4c1000 	C:\WINDOWS\SYSTEM32\DBGHELP.DLL
0x00007ffa2bfd0000 - 0x00007ffa2c001000 	C:\WINDOWS\SYSTEM32\dbgcore.DLL
0x00007ffa3c6d0000 - 0x00007ffa3c74f000 	C:\WINDOWS\System32\bcryptPrimitives.dll
0x00007ffa2d890000 - 0x00007ffa2d89e000 	C:\Users\aleks\.jdks\corretto-17.0.3\bin\instrument.dll
0x00007ffa19c10000 - 0x00007ffa19c35000 	C:\Users\aleks\.jdks\corretto-17.0.3\bin\java.dll
0x00007ffa0bf10000 - 0x00007ffa0bfe6000 	C:\Users\aleks\.jdks\corretto-17.0.3\bin\jsvml.dll
0x00007ffa3e330000 - 0x00007ffa3eae7000 	C:\WINDOWS\System32\SHELL32.dll
0x00007ffa3a7c0000 - 0x00007ffa3b025000 	C:\WINDOWS\SYSTEM32\windows.storage.dll
0x00007ffa3dd50000 - 0x00007ffa3e0c8000 	C:\WINDOWS\System32\combase.dll
0x00007ffa3a650000 - 0x00007ffa3a7b6000 	C:\WINDOWS\SYSTEM32\wintypes.dll
0x00007ffa3d080000 - 0x00007ffa3d16a000 	C:\WINDOWS\System32\SHCORE.dll
0x00007ffa3d330000 - 0x00007ffa3d38d000 	C:\WINDOWS\System32\shlwapi.dll
0x00007ffa3c600000 - 0x00007ffa3c621000 	C:\WINDOWS\SYSTEM32\profapi.dll
0x00007ffa1bbb0000 - 0x00007ffa1bbc8000 	C:\Users\aleks\.jdks\corretto-17.0.3\bin\zip.dll
0x00007ffa1eda0000 - 0x00007ffa1edb9000 	C:\Users\aleks\.jdks\corretto-17.0.3\bin\net.dll
0x00007ffa35b00000 - 0x00007ffa35c14000 	C:\WINDOWS\SYSTEM32\WINHTTP.dll
0x00007ffa3bbf0000 - 0x00007ffa3bc57000 	C:\WINDOWS\system32\mswsock.dll
0x00007ffa1e030000 - 0x00007ffa1e045000 	C:\Users\aleks\.jdks\corretto-17.0.3\bin\nio.dll
0x00007ffa1b5a0000 - 0x00007ffa1b5ba000 	C:\Program Files\JetBrains\IntelliJ IDEA Community Edition 2022.1.3\bin\breakgen64.dll
0x00007ffa2d660000 - 0x00007ffa2d670000 	C:\Users\aleks\.jdks\corretto-17.0.3\bin\verify.dll
0x00007ffa3be30000 - 0x00007ffa3be48000 	C:\WINDOWS\SYSTEM32\CRYPTSP.dll
0x00007ffa3b6b0000 - 0x00007ffa3b6e5000 	C:\WINDOWS\system32\rsaenh.dll
0x00007ffa3bce0000 - 0x00007ffa3bd09000 	C:\WINDOWS\SYSTEM32\USERENV.dll
0x00007ffa3c030000 - 0x00007ffa3c057000 	C:\WINDOWS\SYSTEM32\bcrypt.dll
0x00007ffa3be50000 - 0x00007ffa3be5c000 	C:\WINDOWS\SYSTEM32\CRYPTBASE.dll
0x00007ffa3b280000 - 0x00007ffa3b2ad000 	C:\WINDOWS\SYSTEM32\IPHLPAPI.DLL
0x00007ffa3e0d0000 - 0x00007ffa3e0d9000 	C:\WINDOWS\System32\NSI.dll
0x00007ffa356f0000 - 0x00007ffa35709000 	C:\WINDOWS\SYSTEM32\dhcpcsvc6.DLL
0x00007ffa36000000 - 0x00007ffa3601e000 	C:\WINDOWS\SYSTEM32\dhcpcsvc.DLL
0x00007ffa3b2b0000 - 0x00007ffa3b398000 	C:\WINDOWS\SYSTEM32\DNSAPI.dll
0x00007ffa2f000000 - 0x00007ffa2f00a000 	C:\Windows\System32\rasadhlp.dll
0x00007ffa33700000 - 0x00007ffa33781000 	C:\WINDOWS\System32\fwpuclnt.dll
0x00007ffa2d3e0000 - 0x00007ffa2d3e9000 	C:\Users\aleks\.jdks\corretto-17.0.3\bin\management.dll
0x00007ffa28270000 - 0x00007ffa2827b000 	C:\Users\aleks\.jdks\corretto-17.0.3\bin\management_ext.dll
0x00007ffa277b0000 - 0x00007ffa277be000 	C:\Users\aleks\.jdks\corretto-17.0.3\bin\sunmscapi.dll
0x00007ffa3ca60000 - 0x00007ffa3cbc2000 	C:\WINDOWS\System32\CRYPT32.dll
0x00007ffa3c000000 - 0x00007ffa3c028000 	C:\WINDOWS\SYSTEM32\ncrypt.dll
0x00007ffa3bfc0000 - 0x00007ffa3bff7000 	C:\WINDOWS\SYSTEM32\NTASN1.dll
0x00007ffa21ac0000 - 0x00007ffa21ac8000 	C:\WINDOWS\system32\wshunix.dll

dbghelp: loaded successfully - version: 4.0.5 - missing functions: none
symbol engine: initialized successfully - sym options: 0x614 - pdb path: .;C:\Users\aleks\.jdks\corretto-17.0.3\bin;C:\WINDOWS\SYSTEM32;C:\WINDOWS\WinSxS\amd64_microsoft.windows.common-controls_6595b64144ccf1df_6.0.22000.120_none_9d947278b86cc467;C:\Users\aleks\.jdks\corretto-17.0.3\bin\server;C:\Program Files\JetBrains\IntelliJ IDEA Community Edition 2022.1.3\bin

VM Arguments:
jvm_args: -ea -Didea.test.cyclic.buffer.size=1048576 -javaagent:C:\Program Files\JetBrains\IntelliJ IDEA Community Edition 2022.1.3\lib\idea_rt.jar=54635:C:\Program Files\JetBrains\IntelliJ IDEA Community Edition 2022.1.3\bin -Dfile.encoding=UTF-8 
java_command: com.intellij.rt.testng.RemoteTestNGStarter -usedefaultlisteners false -socket54634 @w@C:\Users\aleks\AppData\Local\Temp\idea_working_dirs_testng.tmp -temp C:\Users\aleks\AppData\Local\Temp\idea_testng.tmp
java_class_path (initial): C:\Program Files\JetBrains\IntelliJ IDEA Community Edition 2022.1.3\lib\idea_rt.jar;C:\Program Files\JetBrains\IntelliJ IDEA Community Edition 2022.1.3\plugins\testng\lib\testng-rt.jar;C:\Users\aleks\Documents\Testing Dare IT\testing-project\target\test-classes;C:\Users\aleks\Documents\Testing Dare IT\testing-project\target\classes;C:\Users\aleks\.m2\repository\org\seleniumhq\selenium\selenium-java\4.7.2\selenium-java-4.7.2.jar;C:\Users\aleks\.m2\repository\org\seleniumhq\selenium\selenium-api\4.7.2\selenium-api-4.7.2.jar;C:\Users\aleks\.m2\repository\org\seleniumhq\selenium\selenium-chrome-driver\4.7.2\selenium-chrome-driver-4.7.2.jar;C:\Users\aleks\.m2\repository\com\google\auto\service\auto-service-annotations\1.0.1\auto-service-annotations-1.0.1.jar;C:\Users\aleks\.m2\repository\com\google\auto\service\auto-service\1.0.1\auto-service-1.0.1.jar;C:\Users\aleks\.m2\repository\com\google\auto\auto-common\1.2\auto-common-1.2.jar;C:\Users\aleks\.m2\repository\com\google\guava\guava\31.1-jre\guava-31.1-jre.jar;C:\Users\aleks\.m2\repository\com\google\guava\failureaccess\1.0.1\failureaccess-1.0.1.jar;C:\Users\aleks\.m2\repository\com\google\guava\listenablefuture\9999.0-empty-to-avoid-conflict-with-guava\listenablefuture-9999.0-empty-to-avoid-conflict-with-guava.jar;C:\Users\aleks\.m2\repository\com\google\code\findbugs\jsr305\3.0.2\jsr305-3.0.2.jar;C:\Users\aleks\.m2\repository\org\checkerframework\checker-qual\3.12.0\checker-qual-3.12.0.jar;C:\Users\aleks\.m2\repository\com\google\errorprone\error_prone_annotations\2.11.0\error_prone_annotations-2.11.0.jar;C:\Users\aleks\.m2\repository\com\google\j2objc\j2objc-annotations\1.3\j2objc-annotations-1.3.jar;C:\Users\aleks\.m2\repository\org\seleniumhq\selenium\selenium-chromium-driver\4.7.2\selenium-chromium-driver-4.7.2.jar;C:\Users\aleks\.m2\repository\org\seleniumhq\selenium\selenium-json\4.7.2\selenium-json-4.7.2.jar;C:\Users\aleks\.m2\repository\org\seleniumhq\selenium\selenium-devtools-v1
Launcher Type: SUN_STANDARD

[Global flags]
     intx CICompilerCount                          = 4                                         {product} {ergonomic}
     uint ConcGCThreads                            = 3                                         {product} {ergonomic}
     uint G1ConcRefinementThreads                  = 10                                        {product} {ergonomic}
   size_t G1HeapRegionSize                         = 1048576                                   {product} {ergonomic}
    uintx GCDrainStackTargetSize                   = 64                                        {product} {ergonomic}
   size_t InitialHeapSize                          = 98566144                                  {product} {ergonomic}
   size_t MarkStackSize                            = 4194304                                   {product} {ergonomic}
   size_t MaxHeapSize                              = 1574961152                                {product} {ergonomic}
   size_t MaxNewSize                               = 944766976                                 {product} {ergonomic}
   size_t MinHeapDeltaBytes                        = 1048576                                   {product} {ergonomic}
   size_t MinHeapSize                              = 8388608                                   {product} {ergonomic}
    uintx NonNMethodCodeHeapSize                   = 5839372                                {pd product} {ergonomic}
    uintx NonProfiledCodeHeapSize                  = 122909434                              {pd product} {ergonomic}
    uintx ProfiledCodeHeapSize                     = 122909434                              {pd product} {ergonomic}
    uintx ReservedCodeCacheSize                    = 251658240                              {pd product} {ergonomic}
     bool SegmentedCodeCache                       = true                                      {product} {ergonomic}
   size_t SoftMaxHeapSize                          = 1574961152                             {manageable} {ergonomic}
     bool UseCompressedClassPointers               = true                           {product lp64_product} {ergonomic}
     bool UseCompressedOops                        = true                           {product lp64_product} {ergonomic}
     bool UseG1GC                                  = true                                      {product} {ergonomic}
     bool UseLargePagesIndividualAllocation        = false                                  {pd product} {ergonomic}

Logging:
Log output configuration:
 #0: stdout all=warning uptime,level,tags
 #1: stderr all=off uptime,level,tags

Environment Variables:
JAVA_HOME=C:\Program Files\Java\jdk-18.0.1.1
PATH=C:\Program Files\Common Files\Oracle\Java\javapath;C:\WINDOWS\system32;C:\WINDOWS;C:\WINDOWS\System32\Wbem;C:\WINDOWS\System32\WindowsPowerShell\v1.0\;C:\WINDOWS\System32\OpenSSH\;C:\Program Files\Java\jdk-18.0.1.1\bin;C:\Program Files\Git\cmd;C:\Users\aleks\AppData\Local\Microsoft\WindowsApps;
USERNAME=aleks
OS=Windows_NT
PROCESSOR_IDENTIFIER=AMD64 Family 23 Model 104 Stepping 1, AuthenticAMD



---------------  S Y S T E M  ---------------

OS:
 Windows 11 , 64 bit Build 22000 (10.0.22000.1335)
OS uptime: 10 days 2:25 hours

CPU: total 12 (initial active 12) (12 cores per cpu, 2 threads per core) family 23 model 104 stepping 1 microcode 0x0, cx8, cmov, fxsr, ht, mmx, 3dnowpref, sse, sse2, sse3, ssse3, sse4a, sse4.1, sse4.2, popcnt, lzcnt, tsc, tscinvbit, avx, avx2, aes, clmul, bmi1, bmi2, adx, sha, fma, vzeroupper, clflush, clflushopt

Memory: 4k page, system-wide physical 6005M (63M free)
TotalPageFile size 24437M (AvailPageFile size 4M)
current process WorkingSet (physical memory assigned to process): 132M, peak: 144M
current process commit charge ("private bytes"): 199M, peak: 240M

vm_info: OpenJDK 64-Bit Server VM (17.0.3+6-LTS) for windows-amd64 JRE (17.0.3+6-LTS), built on Apr 15 2022 22:16:02 by "Administrator" with MS VC++ 15.9 (VS2017)

END.
